Traceback (most recent call last):
  File "C:\Users\Fathan\AppData\Roaming\Python\Python311\site-packages\jupyter_core\utils\__init__.py", line 154, in wrapped
    asyncio.get_running_loop()
RuntimeError: no running event loop

During handling of the above exception, another exception occurred:

Traceback (most recent call last):
  File "C:\Users\Fathan\AppData\Local\Programs\Python\Python311\Lib\site-packages\jupyter_cache\executors\utils.py", line 58, in single_nb_execution
    executenb(
  File "C:\Users\Fathan\AppData\Local\Programs\Python\Python311\Lib\site-packages\nbclient\client.py", line 1319, in execute
    return NotebookClient(nb=nb, resources=resources, km=km, **kwargs).execute()
           ^^^^^^^^^^^^^^^^^^^^^^^^^^^^^^^^^^^^^^^^^^^^^^^^^^^^^^^^^^^^^^^^^^^^^
  File "C:\Users\Fathan\AppData\Roaming\Python\Python311\site-packages\jupyter_core\utils\__init__.py", line 158, in wrapped
    return loop.run_until_complete(inner)
           ^^^^^^^^^^^^^^^^^^^^^^^^^^^^^^
  File "C:\Users\Fathan\AppData\Local\Programs\Python\Python311\Lib\asyncio\base_events.py", line 654, in run_until_complete
    return future.result()
           ^^^^^^^^^^^^^^^
  File "C:\Users\Fathan\AppData\Local\Programs\Python\Python311\Lib\site-packages\nbclient\client.py", line 709, in async_execute
    await self.async_execute_cell(
  File "C:\Users\Fathan\AppData\Local\Programs\Python\Python311\Lib\site-packages\nbclient\client.py", line 1062, in async_execute_cell
    await self._check_raise_for_error(cell, cell_index, exec_reply)
  File "C:\Users\Fathan\AppData\Local\Programs\Python\Python311\Lib\site-packages\nbclient\client.py", line 918, in _check_raise_for_error
    raise CellExecutionError.from_cell_and_msg(cell, exec_reply_content)
nbclient.exceptions.CellExecutionError: An error occurred while executing the following cell:
------------------
folder = '/content/drive/MyDrive/data_PSD/data_suara_time_wrappping'

data_time_series = []
for i in os.listdir(folder):
  if i.endswith(('.wav', '.mp3')):
    path_file = os.path.join(folder, i)
    x, sr = librosa.load(path_file, sr = 4000)
    data_time_series.append(x)

------------------


[31m---------------------------------------------------------------------------[39m
[31mFileNotFoundError[39m                         Traceback (most recent call last)
[36mCell[39m[36m [39m[32mIn[2][39m[32m, line 4[39m
[32m      1[39m folder = [33m'[39m[33m/content/drive/MyDrive/data_PSD/data_suara_time_wrappping[39m[33m'[39m
[32m      3[39m data_time_series = []
[32m----> [39m[32m4[39m [38;5;28;01mfor[39;00m i [38;5;129;01min[39;00m [43mos[49m[43m.[49m[43mlistdir[49m[43m([49m[43mfolder[49m[43m)[49m:
[32m      5[39m   [38;5;28;01mif[39;00m i.endswith(([33m'[39m[33m.wav[39m[33m'[39m, [33m'[39m[33m.mp3[39m[33m'[39m)):
[32m      6[39m     path_file = os.path.join(folder, i)

[31mFileNotFoundError[39m: [WinError 3] The system cannot find the path specified: '/content/drive/MyDrive/data_PSD/data_suara_time_wrappping'

