Traceback (most recent call last):
  File "C:\Users\Fathan\AppData\Roaming\Python\Python311\site-packages\jupyter_core\utils\__init__.py", line 154, in wrapped
    asyncio.get_running_loop()
RuntimeError: no running event loop

During handling of the above exception, another exception occurred:

Traceback (most recent call last):
  File "C:\Users\Fathan\AppData\Local\Programs\Python\Python311\Lib\site-packages\jupyter_cache\executors\utils.py", line 58, in single_nb_execution
    executenb(
  File "C:\Users\Fathan\AppData\Local\Programs\Python\Python311\Lib\site-packages\nbclient\client.py", line 1319, in execute
    return NotebookClient(nb=nb, resources=resources, km=km, **kwargs).execute()
           ^^^^^^^^^^^^^^^^^^^^^^^^^^^^^^^^^^^^^^^^^^^^^^^^^^^^^^^^^^^^^^^^^^^^^
  File "C:\Users\Fathan\AppData\Roaming\Python\Python311\site-packages\jupyter_core\utils\__init__.py", line 158, in wrapped
    return loop.run_until_complete(inner)
           ^^^^^^^^^^^^^^^^^^^^^^^^^^^^^^
  File "C:\Users\Fathan\AppData\Local\Programs\Python\Python311\Lib\asyncio\base_events.py", line 654, in run_until_complete
    return future.result()
           ^^^^^^^^^^^^^^^
  File "C:\Users\Fathan\AppData\Local\Programs\Python\Python311\Lib\site-packages\nbclient\client.py", line 709, in async_execute
    await self.async_execute_cell(
  File "C:\Users\Fathan\AppData\Local\Programs\Python\Python311\Lib\site-packages\nbclient\client.py", line 1062, in async_execute_cell
    await self._check_raise_for_error(cell, cell_index, exec_reply)
  File "C:\Users\Fathan\AppData\Local\Programs\Python\Python311\Lib\site-packages\nbclient\client.py", line 918, in _check_raise_for_error
    raise CellExecutionError.from_cell_and_msg(cell, exec_reply_content)
nbclient.exceptions.CellExecutionError: An error occurred while executing the following cell:
------------------
import pymysql

# koneksi ke database mysql melalui aiven.io
DB_HOST = "mysql-131f3e28-fathanlearn-5ad0.i.aivencloud.com"
DB_PORT = 25962
DB_NAME = "defaultdb"
DB_USER = "avnadmin"
DB_PASS = "AVNS_hCKUXEhLqojSjCxujVo"

conn = pymysql.connect(
    host=DB_HOST,
    port=DB_PORT,
    database=DB_NAME,
    user=DB_USER,
    password=DB_PASS,
    ssl={'ssl': {}}
)

data_mysql = conn.cursor()

# ambil data ke database
data_mysql.execute("SELECT * FROM ecoli.data_ecoli;")
data = data_mysql.fetchall()


print("10 data dalam tabel ecoli: ")
for i in range(10):
  print(data[i])
------------------


[31m---------------------------------------------------------------------------[39m
[31mgaierror[39m                                  Traceback (most recent call last)
[36mFile [39m[32m~\AppData\Local\Programs\Python\Python311\Lib\site-packages\pymysql\connections.py:649[39m, in [36mConnection.connect[39m[34m(self, sock)[39m
[32m    648[39m [38;5;28;01mtry[39;00m:
[32m--> [39m[32m649[39m     sock = [43msocket[49m[43m.[49m[43mcreate_connection[49m[43m([49m
[32m    650[39m [43m        [49m[43m([49m[38;5;28;43mself[39;49m[43m.[49m[43mhost[49m[43m,[49m[43m [49m[38;5;28;43mself[39;49m[43m.[49m[43mport[49m[43m)[49m[43m,[49m[43m [49m[38;5;28;43mself[39;49m[43m.[49m[43mconnect_timeout[49m[43m,[49m[43m [49m[43m*[49m[43m*[49m[43mkwargs[49m
[32m    651[39m [43m    [49m[43m)[49m
[32m    652[39m     [38;5;28;01mbreak[39;00m

[36mFile [39m[32m~\AppData\Local\Programs\Python\Python311\Lib\socket.py:827[39m, in [36mcreate_connection[39m[34m(address, timeout, source_address, all_errors)[39m
[32m    826[39m exceptions = []
[32m--> [39m[32m827[39m [38;5;28;01mfor[39;00m res [38;5;129;01min[39;00m [43mgetaddrinfo[49m[43m([49m[43mhost[49m[43m,[49m[43m [49m[43mport[49m[43m,[49m[43m [49m[32;43m0[39;49m[43m,[49m[43m [49m[43mSOCK_STREAM[49m[43m)[49m:
[32m    828[39m     af, socktype, proto, canonname, sa = res

[36mFile [39m[32m~\AppData\Local\Programs\Python\Python311\Lib\socket.py:962[39m, in [36mgetaddrinfo[39m[34m(host, port, family, type, proto, flags)[39m
[32m    961[39m addrlist = []
[32m--> [39m[32m962[39m [38;5;28;01mfor[39;00m res [38;5;129;01min[39;00m [43m_socket[49m[43m.[49m[43mgetaddrinfo[49m[43m([49m[43mhost[49m[43m,[49m[43m [49m[43mport[49m[43m,[49m[43m [49m[43mfamily[49m[43m,[49m[43m [49m[38;5;28;43mtype[39;49m[43m,[49m[43m [49m[43mproto[49m[43m,[49m[43m [49m[43mflags[49m[43m)[49m:
[32m    963[39m     af, socktype, proto, canonname, sa = res

[31mgaierror[39m: [Errno 11001] getaddrinfo failed

During handling of the above exception, another exception occurred:

[31mOperationalError[39m                          Traceback (most recent call last)
[36mCell[39m[36m [39m[32mIn[2][39m[32m, line 10[39m
[32m      7[39m DB_USER = [33m"[39m[33mavnadmin[39m[33m"[39m
[32m      8[39m DB_PASS = [33m"[39m[33mAVNS_hCKUXEhLqojSjCxujVo[39m[33m"[39m
[32m---> [39m[32m10[39m conn = [43mpymysql[49m[43m.[49m[43mconnect[49m[43m([49m
[32m     11[39m [43m    [49m[43mhost[49m[43m=[49m[43mDB_HOST[49m[43m,[49m
[32m     12[39m [43m    [49m[43mport[49m[43m=[49m[43mDB_PORT[49m[43m,[49m
[32m     13[39m [43m    [49m[43mdatabase[49m[43m=[49m[43mDB_NAME[49m[43m,[49m
[32m     14[39m [43m    [49m[43muser[49m[43m=[49m[43mDB_USER[49m[43m,[49m
[32m     15[39m [43m    [49m[43mpassword[49m[43m=[49m[43mDB_PASS[49m[43m,[49m
[32m     16[39m [43m    [49m[43mssl[49m[43m=[49m[43m{[49m[33;43m'[39;49m[33;43mssl[39;49m[33;43m'[39;49m[43m:[49m[43m [49m[43m{[49m[43m}[49m[43m}[49m
[32m     17[39m [43m)[49m
[32m     19[39m data_mysql = conn.cursor()
[32m     21[39m [38;5;66;03m# ambil data ke database[39;00m

[36mFile [39m[32m~\AppData\Local\Programs\Python\Python311\Lib\site-packages\pymysql\connections.py:361[39m, in [36mConnection.__init__[39m[34m(self, user, password, host, database, unix_socket, port, charset, collation, sql_mode, read_default_file, conv, use_unicode, client_flag, cursorclass, init_command, connect_timeout, read_default_group, autocommit, local_infile, max_allowed_packet, defer_connect, auth_plugin_map, read_timeout, write_timeout, bind_address, binary_prefix, program_name, server_public_key, ssl, ssl_ca, ssl_cert, ssl_disabled, ssl_key, ssl_key_password, ssl_verify_cert, ssl_verify_identity, compress, named_pipe, passwd, db)[39m
[32m    359[39m     [38;5;28mself[39m._sock = [38;5;28;01mNone[39;00m
[32m    360[39m [38;5;28;01melse[39;00m:
[32m--> [39m[32m361[39m     [38;5;28;43mself[39;49m[43m.[49m[43mconnect[49m[43m([49m[43m)[49m

[36mFile [39m[32m~\AppData\Local\Programs\Python\Python311\Lib\site-packages\pymysql\connections.py:716[39m, in [36mConnection.connect[39m[34m(self, sock)[39m
[32m    714[39m     [38;5;28;01mif[39;00m DEBUG:
[32m    715[39m         [38;5;28mprint[39m(exc.traceback)
[32m--> [39m[32m716[39m     [38;5;28;01mraise[39;00m exc
[32m    718[39m [38;5;66;03m# If e is neither DatabaseError or IOError, It's a bug.[39;00m
[32m    719[39m [38;5;66;03m# But raising AssertionError hides original error.[39;00m
[32m    720[39m [38;5;66;03m# So just reraise it.[39;00m
[32m    721[39m [38;5;28;01mraise[39;00m

[31mOperationalError[39m: (2003, "Can't connect to MySQL server on 'mysql-131f3e28-fathanlearn-5ad0.i.aivencloud.com' ([Errno 11001] getaddrinfo failed)")

