Traceback (most recent call last):
  File "C:\Users\Fathan\AppData\Roaming\Python\Python311\site-packages\jupyter_core\utils\__init__.py", line 154, in wrapped
    asyncio.get_running_loop()
RuntimeError: no running event loop

During handling of the above exception, another exception occurred:

Traceback (most recent call last):
  File "C:\Users\Fathan\AppData\Local\Programs\Python\Python311\Lib\site-packages\jupyter_cache\executors\utils.py", line 58, in single_nb_execution
    executenb(
  File "C:\Users\Fathan\AppData\Local\Programs\Python\Python311\Lib\site-packages\nbclient\client.py", line 1319, in execute
    return NotebookClient(nb=nb, resources=resources, km=km, **kwargs).execute()
           ^^^^^^^^^^^^^^^^^^^^^^^^^^^^^^^^^^^^^^^^^^^^^^^^^^^^^^^^^^^^^^^^^^^^^
  File "C:\Users\Fathan\AppData\Roaming\Python\Python311\site-packages\jupyter_core\utils\__init__.py", line 158, in wrapped
    return loop.run_until_complete(inner)
           ^^^^^^^^^^^^^^^^^^^^^^^^^^^^^^
  File "C:\Users\Fathan\AppData\Local\Programs\Python\Python311\Lib\asyncio\base_events.py", line 654, in run_until_complete
    return future.result()
           ^^^^^^^^^^^^^^^
  File "C:\Users\Fathan\AppData\Local\Programs\Python\Python311\Lib\site-packages\nbclient\client.py", line 709, in async_execute
    await self.async_execute_cell(
  File "C:\Users\Fathan\AppData\Local\Programs\Python\Python311\Lib\site-packages\nbclient\client.py", line 1062, in async_execute_cell
    await self._check_raise_for_error(cell, cell_index, exec_reply)
  File "C:\Users\Fathan\AppData\Local\Programs\Python\Python311\Lib\site-packages\nbclient\client.py", line 918, in _check_raise_for_error
    raise CellExecutionError.from_cell_and_msg(cell, exec_reply_content)
nbclient.exceptions.CellExecutionError: An error occurred while executing the following cell:
------------------
# path ke folder dataset
dataset_path = "/content/drive/MyDrive/data_PSD/datasuara2"

# fitur yang diload hanya spectral, temporal, statistik
cfg = tsfel.get_features_by_domain(["temporal", "spectral", "statistical"])

# untuk menyimpan fitur + label + speaker
data = []

# loop per speaker
for speaker in ["fathan", "other", "zanuar"]:
    speaker_path = os.path.join(dataset_path, speaker)

    for label in ["buka", "tutup"]:
        folder = os.path.join(speaker_path, label)
        for file in os.listdir(folder):
            if file.endswith(".mp3") or file.endswith(".wav"):
                file_path = os.path.join(folder, file)
                print("Memproses:", file_path)

                # Load audio
                signal, sr = librosa.load(file_path, sr=16000)

                # Ekstraksi fitur
                fitur = tsfel.time_series_features_extractor(cfg, signal, fs=sr)

                # Reset index
                fitur = fitur.reset_index(drop=True)

                # Tambahkan label dan speaker
                fitur["label"] = label
                fitur["speaker"] = speaker

                # Simpan
                data.append(fitur)

# Gabungkan semua fitur ke DataFrame
df = pd.concat(data, ignore_index=True)

# Simpan ke CSV
df.to_csv("fitur_audio_tsfel_with_speaker.csv", index=False)
print("Selesai! File fitur: fitur_audio_tsfel.csv")

------------------


[31m---------------------------------------------------------------------------[39m
[31mFileNotFoundError[39m                         Traceback (most recent call last)
[36mCell[39m[36m [39m[32mIn[2][39m[32m, line 16[39m
[32m     14[39m [38;5;28;01mfor[39;00m label [38;5;129;01min[39;00m [[33m"[39m[33mbuka[39m[33m"[39m, [33m"[39m[33mtutup[39m[33m"[39m]:
[32m     15[39m     folder = os.path.join(speaker_path, label)
[32m---> [39m[32m16[39m     [38;5;28;01mfor[39;00m file [38;5;129;01min[39;00m [43mos[49m[43m.[49m[43mlistdir[49m[43m([49m[43mfolder[49m[43m)[49m:
[32m     17[39m         [38;5;28;01mif[39;00m file.endswith([33m"[39m[33m.mp3[39m[33m"[39m) [38;5;129;01mor[39;00m file.endswith([33m"[39m[33m.wav[39m[33m"[39m):
[32m     18[39m             file_path = os.path.join(folder, file)

[31mFileNotFoundError[39m: [WinError 3] The system cannot find the path specified: '/content/drive/MyDrive/data_PSD/datasuara2\\fathan\\buka'

